-------------------------------------------------------------------------------
Test set: com.kb.auth.CucumberIT
-------------------------------------------------------------------------------
Tests run: 12, Failures: 0, Errors: 12, Skipped: 0, Time elapsed: 0.376 s <<< FAILURE! -- in com.kb.auth.CucumberIT
用户认证.正确账号密码登录成功 -- Time elapsed: 0.033 s <<< ERROR!
io.cucumber.core.backend.CucumberBackendException: 
Please annotate a glue class with some context configuration.

For example:

   @CucumberContextConfiguration
   @SpringBootTest(classes = TestConfig.class)
   public class CucumberSpringConfiguration { }
Or: 

   @CucumberContextConfiguration
   @ContextConfiguration( ... )
   public class CucumberSpringConfiguration { }
	at io.cucumber.spring.SpringFactory.start(SpringFactory.java:102)
	at io.cucumber.core.runner.Runner.buildBackendWorlds(Runner.java:134)
	at io.cucumber.core.runner.Runner.runPickle(Runner.java:70)
	at io.cucumber.junit.platform.engine.CucumberEngineExecutionContext.lambda$runTestCase$4(CucumberEngineExecutionContext.java:112)
	at io.cucumber.core.runtime.CucumberExecutionContext.lambda$runTestCase$5(CucumberExecutionContext.java:136)
	at io.cucumber.core.runtime.RethrowingThrowableCollector.executeAndThrow(RethrowingThrowableCollector.java:23)
	at io.cucumber.core.runtime.CucumberExecutionContext.runTestCase(CucumberExecutionContext.java:136)
	at io.cucumber.junit.platform.engine.CucumberEngineExecutionContext.runTestCase(CucumberEngineExecutionContext.java:109)
	at io.cucumber.junit.platform.engine.NodeDescriptor$PickleDescriptor.execute(NodeDescriptor.java:168)
	at io.cucumber.junit.platform.engine.NodeDescriptor$PickleDescriptor.execute(NodeDescriptor.java:90)
	at java.base/java.util.ArrayList.forEach(ArrayList.java:1596)
	at java.base/java.util.ArrayList.forEach(ArrayList.java:1596)

用户认证.刷新令牌成功 -- Time elapsed: 0.004 s <<< ERROR!
io.cucumber.core.backend.CucumberBackendException: 
Please annotate a glue class with some context configuration.

For example:

   @CucumberContextConfiguration
   @SpringBootTest(classes = TestConfig.class)
   public class CucumberSpringConfiguration { }
Or: 

   @CucumberContextConfiguration
   @ContextConfiguration( ... )
   public class CucumberSpringConfiguration { }
	at io.cucumber.spring.SpringFactory.start(SpringFactory.java:102)
	at io.cucumber.core.runner.Runner.buildBackendWorlds(Runner.java:134)
	at io.cucumber.core.runner.Runner.runPickle(Runner.java:70)
	at io.cucumber.junit.platform.engine.CucumberEngineExecutionContext.lambda$runTestCase$4(CucumberEngineExecutionContext.java:112)
	at io.cucumber.core.runtime.CucumberExecutionContext.lambda$runTestCase$5(CucumberExecutionContext.java:136)
	at io.cucumber.core.runtime.RethrowingThrowableCollector.executeAndThrow(RethrowingThrowableCollector.java:23)
	at io.cucumber.core.runtime.CucumberExecutionContext.runTestCase(CucumberExecutionContext.java:136)
	at io.cucumber.junit.platform.engine.CucumberEngineExecutionContext.runTestCase(CucumberEngineExecutionContext.java:109)
	at io.cucumber.junit.platform.engine.NodeDescriptor$PickleDescriptor.execute(NodeDescriptor.java:168)
	at io.cucumber.junit.platform.engine.NodeDescriptor$PickleDescriptor.execute(NodeDescriptor.java:90)
	at java.base/java.util.ArrayList.forEach(ArrayList.java:1596)
	at java.base/java.util.ArrayList.forEach(ArrayList.java:1596)

用户认证.登出加入黑名单 -- Time elapsed: 0.002 s <<< ERROR!
io.cucumber.core.backend.CucumberBackendException: 
Please annotate a glue class with some context configuration.

For example:

   @CucumberContextConfiguration
   @SpringBootTest(classes = TestConfig.class)
   public class CucumberSpringConfiguration { }
Or: 

   @CucumberContextConfiguration
   @ContextConfiguration( ... )
   public class CucumberSpringConfiguration { }
	at io.cucumber.spring.SpringFactory.start(SpringFactory.java:102)
	at io.cucumber.core.runner.Runner.buildBackendWorlds(Runner.java:134)
	at io.cucumber.core.runner.Runner.runPickle(Runner.java:70)
	at io.cucumber.junit.platform.engine.CucumberEngineExecutionContext.lambda$runTestCase$4(CucumberEngineExecutionContext.java:112)
	at io.cucumber.core.runtime.CucumberExecutionContext.lambda$runTestCase$5(CucumberExecutionContext.java:136)
	at io.cucumber.core.runtime.RethrowingThrowableCollector.executeAndThrow(RethrowingThrowableCollector.java:23)
	at io.cucumber.core.runtime.CucumberExecutionContext.runTestCase(CucumberExecutionContext.java:136)
	at io.cucumber.junit.platform.engine.CucumberEngineExecutionContext.runTestCase(CucumberEngineExecutionContext.java:109)
	at io.cucumber.junit.platform.engine.NodeDescriptor$PickleDescriptor.execute(NodeDescriptor.java:168)
	at io.cucumber.junit.platform.engine.NodeDescriptor$PickleDescriptor.execute(NodeDescriptor.java:90)
	at java.base/java.util.ArrayList.forEach(ArrayList.java:1596)
	at java.base/java.util.ArrayList.forEach(ArrayList.java:1596)

用户认证.错误密码登录失败 -- Time elapsed: 0.001 s <<< ERROR!
io.cucumber.core.backend.CucumberBackendException: 
Please annotate a glue class with some context configuration.

For example:

   @CucumberContextConfiguration
   @SpringBootTest(classes = TestConfig.class)
   public class CucumberSpringConfiguration { }
Or: 

   @CucumberContextConfiguration
   @ContextConfiguration( ... )
   public class CucumberSpringConfiguration { }
	at io.cucumber.spring.SpringFactory.start(SpringFactory.java:102)
	at io.cucumber.core.runner.Runner.buildBackendWorlds(Runner.java:134)
	at io.cucumber.core.runner.Runner.runPickle(Runner.java:70)
	at io.cucumber.junit.platform.engine.CucumberEngineExecutionContext.lambda$runTestCase$4(CucumberEngineExecutionContext.java:112)
	at io.cucumber.core.runtime.CucumberExecutionContext.lambda$runTestCase$5(CucumberExecutionContext.java:136)
	at io.cucumber.core.runtime.RethrowingThrowableCollector.executeAndThrow(RethrowingThrowableCollector.java:23)
	at io.cucumber.core.runtime.CucumberExecutionContext.runTestCase(CucumberExecutionContext.java:136)
	at io.cucumber.junit.platform.engine.CucumberEngineExecutionContext.runTestCase(CucumberEngineExecutionContext.java:109)
	at io.cucumber.junit.platform.engine.NodeDescriptor$PickleDescriptor.execute(NodeDescriptor.java:168)
	at io.cucumber.junit.platform.engine.NodeDescriptor$PickleDescriptor.execute(NodeDescriptor.java:90)
	at java.base/java.util.ArrayList.forEach(ArrayList.java:1596)
	at java.base/java.util.ArrayList.forEach(ArrayList.java:1596)

用户认证.用户不存在登录失败 -- Time elapsed: 0.001 s <<< ERROR!
io.cucumber.core.backend.CucumberBackendException: 
Please annotate a glue class with some context configuration.

For example:

   @CucumberContextConfiguration
   @SpringBootTest(classes = TestConfig.class)
   public class CucumberSpringConfiguration { }
Or: 

   @CucumberContextConfiguration
   @ContextConfiguration( ... )
   public class CucumberSpringConfiguration { }
	at io.cucumber.spring.SpringFactory.start(SpringFactory.java:102)
	at io.cucumber.core.runner.Runner.buildBackendWorlds(Runner.java:134)
	at io.cucumber.core.runner.Runner.runPickle(Runner.java:70)
	at io.cucumber.junit.platform.engine.CucumberEngineExecutionContext.lambda$runTestCase$4(CucumberEngineExecutionContext.java:112)
	at io.cucumber.core.runtime.CucumberExecutionContext.lambda$runTestCase$5(CucumberExecutionContext.java:136)
	at io.cucumber.core.runtime.RethrowingThrowableCollector.executeAndThrow(RethrowingThrowableCollector.java:23)
	at io.cucumber.core.runtime.CucumberExecutionContext.runTestCase(CucumberExecutionContext.java:136)
	at io.cucumber.junit.platform.engine.CucumberEngineExecutionContext.runTestCase(CucumberEngineExecutionContext.java:109)
	at io.cucumber.junit.platform.engine.NodeDescriptor$PickleDescriptor.execute(NodeDescriptor.java:168)
	at io.cucumber.junit.platform.engine.NodeDescriptor$PickleDescriptor.execute(NodeDescriptor.java:90)
	at java.base/java.util.ArrayList.forEach(ArrayList.java:1596)
	at java.base/java.util.ArrayList.forEach(ArrayList.java:1596)

用户认证.被禁用用户登录失败 -- Time elapsed: 0.004 s <<< ERROR!
io.cucumber.core.backend.CucumberBackendException: 
Please annotate a glue class with some context configuration.

For example:

   @CucumberContextConfiguration
   @SpringBootTest(classes = TestConfig.class)
   public class CucumberSpringConfiguration { }
Or: 

   @CucumberContextConfiguration
   @ContextConfiguration( ... )
   public class CucumberSpringConfiguration { }
	at io.cucumber.spring.SpringFactory.start(SpringFactory.java:102)
	at io.cucumber.core.runner.Runner.buildBackendWorlds(Runner.java:134)
	at io.cucumber.core.runner.Runner.runPickle(Runner.java:70)
	at io.cucumber.junit.platform.engine.CucumberEngineExecutionContext.lambda$runTestCase$4(CucumberEngineExecutionContext.java:112)
	at io.cucumber.core.runtime.CucumberExecutionContext.lambda$runTestCase$5(CucumberExecutionContext.java:136)
	at io.cucumber.core.runtime.RethrowingThrowableCollector.executeAndThrow(RethrowingThrowableCollector.java:23)
	at io.cucumber.core.runtime.CucumberExecutionContext.runTestCase(CucumberExecutionContext.java:136)
	at io.cucumber.junit.platform.engine.CucumberEngineExecutionContext.runTestCase(CucumberEngineExecutionContext.java:109)
	at io.cucumber.junit.platform.engine.NodeDescriptor$PickleDescriptor.execute(NodeDescriptor.java:168)
	at io.cucumber.junit.platform.engine.NodeDescriptor$PickleDescriptor.execute(NodeDescriptor.java:90)
	at java.base/java.util.ArrayList.forEach(ArrayList.java:1596)
	at java.base/java.util.ArrayList.forEach(ArrayList.java:1596)

用户认证.重复刷新令牌幂等（修复 TooManyResults bug） -- Time elapsed: 0.003 s <<< ERROR!
io.cucumber.core.backend.CucumberBackendException: 
Please annotate a glue class with some context configuration.

For example:

   @CucumberContextConfiguration
   @SpringBootTest(classes = TestConfig.class)
   public class CucumberSpringConfiguration { }
Or: 

   @CucumberContextConfiguration
   @ContextConfiguration( ... )
   public class CucumberSpringConfiguration { }
	at io.cucumber.spring.SpringFactory.start(SpringFactory.java:102)
	at io.cucumber.core.runner.Runner.buildBackendWorlds(Runner.java:134)
	at io.cucumber.core.runner.Runner.runPickle(Runner.java:70)
	at io.cucumber.junit.platform.engine.CucumberEngineExecutionContext.lambda$runTestCase$4(CucumberEngineExecutionContext.java:112)
	at io.cucumber.core.runtime.CucumberExecutionContext.lambda$runTestCase$5(CucumberExecutionContext.java:136)
	at io.cucumber.core.runtime.RethrowingThrowableCollector.executeAndThrow(RethrowingThrowableCollector.java:23)
	at io.cucumber.core.runtime.CucumberExecutionContext.runTestCase(CucumberExecutionContext.java:136)
	at io.cucumber.junit.platform.engine.CucumberEngineExecutionContext.runTestCase(CucumberEngineExecutionContext.java:109)
	at io.cucumber.junit.platform.engine.NodeDescriptor$PickleDescriptor.execute(NodeDescriptor.java:168)
	at io.cucumber.junit.platform.engine.NodeDescriptor$PickleDescriptor.execute(NodeDescriptor.java:90)
	at java.base/java.util.ArrayList.forEach(ArrayList.java:1596)
	at java.base/java.util.ArrayList.forEach(ArrayList.java:1596)

用户认证.无效 token 登出不报错 -- Time elapsed: 0.001 s <<< ERROR!
io.cucumber.core.backend.CucumberBackendException: 
Please annotate a glue class with some context configuration.

For example:

   @CucumberContextConfiguration
   @SpringBootTest(classes = TestConfig.class)
   public class CucumberSpringConfiguration { }
Or: 

   @CucumberContextConfiguration
   @ContextConfiguration( ... )
   public class CucumberSpringConfiguration { }
	at io.cucumber.spring.SpringFactory.start(SpringFactory.java:102)
	at io.cucumber.core.runner.Runner.buildBackendWorlds(Runner.java:134)
	at io.cucumber.core.runner.Runner.runPickle(Runner.java:70)
	at io.cucumber.junit.platform.engine.CucumberEngineExecutionContext.lambda$runTestCase$4(CucumberEngineExecutionContext.java:112)
	at io.cucumber.core.runtime.CucumberExecutionContext.lambda$runTestCase$5(CucumberExecutionContext.java:136)
	at io.cucumber.core.runtime.RethrowingThrowableCollector.executeAndThrow(RethrowingThrowableCollector.java:23)
	at io.cucumber.core.runtime.CucumberExecutionContext.runTestCase(CucumberExecutionContext.java:136)
	at io.cucumber.junit.platform.engine.CucumberEngineExecutionContext.runTestCase(CucumberEngineExecutionContext.java:109)
	at io.cucumber.junit.platform.engine.NodeDescriptor$PickleDescriptor.execute(NodeDescriptor.java:168)
	at io.cucumber.junit.platform.engine.NodeDescriptor$PickleDescriptor.execute(NodeDescriptor.java:90)
	at java.base/java.util.ArrayList.forEach(ArrayList.java:1596)
	at java.base/java.util.ArrayList.forEach(ArrayList.java:1596)

用户认证.传入空用户名登录失败 -- Time elapsed: 0.001 s <<< ERROR!
io.cucumber.core.backend.CucumberBackendException: 
Please annotate a glue class with some context configuration.

For example:

   @CucumberContextConfiguration
   @SpringBootTest(classes = TestConfig.class)
   public class CucumberSpringConfiguration { }
Or: 

   @CucumberContextConfiguration
   @ContextConfiguration( ... )
   public class CucumberSpringConfiguration { }
	at io.cucumber.spring.SpringFactory.start(SpringFactory.java:102)
	at io.cucumber.core.runner.Runner.buildBackendWorlds(Runner.java:134)
	at io.cucumber.core.runner.Runner.runPickle(Runner.java:70)
	at io.cucumber.junit.platform.engine.CucumberEngineExecutionContext.lambda$runTestCase$4(CucumberEngineExecutionContext.java:112)
	at io.cucumber.core.runtime.CucumberExecutionContext.lambda$runTestCase$5(CucumberExecutionContext.java:136)
	at io.cucumber.core.runtime.RethrowingThrowableCollector.executeAndThrow(RethrowingThrowableCollector.java:23)
	at io.cucumber.core.runtime.CucumberExecutionContext.runTestCase(CucumberExecutionContext.java:136)
	at io.cucumber.junit.platform.engine.CucumberEngineExecutionContext.runTestCase(CucumberEngineExecutionContext.java:109)
	at io.cucumber.junit.platform.engine.NodeDescriptor$PickleDescriptor.execute(NodeDescriptor.java:168)
	at io.cucumber.junit.platform.engine.NodeDescriptor$PickleDescriptor.execute(NodeDescriptor.java:90)
	at java.base/java.util.ArrayList.forEach(ArrayList.java:1596)
	at java.base/java.util.ArrayList.forEach(ArrayList.java:1596)

用户认证.密码为空登录失败 -- Time elapsed: 0.001 s <<< ERROR!
io.cucumber.core.backend.CucumberBackendException: 
Please annotate a glue class with some context configuration.

For example:

   @CucumberContextConfiguration
   @SpringBootTest(classes = TestConfig.class)
   public class CucumberSpringConfiguration { }
Or: 

   @CucumberContextConfiguration
   @ContextConfiguration( ... )
   public class CucumberSpringConfiguration { }
	at io.cucumber.spring.SpringFactory.start(SpringFactory.java:102)
	at io.cucumber.core.runner.Runner.buildBackendWorlds(Runner.java:134)
	at io.cucumber.core.runner.Runner.runPickle(Runner.java:70)
	at io.cucumber.junit.platform.engine.CucumberEngineExecutionContext.lambda$runTestCase$4(CucumberEngineExecutionContext.java:112)
	at io.cucumber.core.runtime.CucumberExecutionContext.lambda$runTestCase$5(CucumberExecutionContext.java:136)
	at io.cucumber.core.runtime.RethrowingThrowableCollector.executeAndThrow(RethrowingThrowableCollector.java:23)
	at io.cucumber.core.runtime.CucumberExecutionContext.runTestCase(CucumberExecutionContext.java:136)
	at io.cucumber.junit.platform.engine.CucumberEngineExecutionContext.runTestCase(CucumberEngineExecutionContext.java:109)
	at io.cucumber.junit.platform.engine.NodeDescriptor$PickleDescriptor.execute(NodeDescriptor.java:168)
	at io.cucumber.junit.platform.engine.NodeDescriptor$PickleDescriptor.execute(NodeDescriptor.java:90)
	at java.base/java.util.ArrayList.forEach(ArrayList.java:1596)
	at java.base/java.util.ArrayList.forEach(ArrayList.java:1596)

用户认证.过期 refresh token 刷新失败 -- Time elapsed: 0.001 s <<< ERROR!
io.cucumber.core.backend.CucumberBackendException: 
Please annotate a glue class with some context configuration.

For example:

   @CucumberContextConfiguration
   @SpringBootTest(classes = TestConfig.class)
   public class CucumberSpringConfiguration { }
Or: 

   @CucumberContextConfiguration
   @ContextConfiguration( ... )
   public class CucumberSpringConfiguration { }
	at io.cucumber.spring.SpringFactory.start(SpringFactory.java:102)
	at io.cucumber.core.runner.Runner.buildBackendWorlds(Runner.java:134)
	at io.cucumber.core.runner.Runner.runPickle(Runner.java:70)
	at io.cucumber.junit.platform.engine.CucumberEngineExecutionContext.lambda$runTestCase$4(CucumberEngineExecutionContext.java:112)
	at io.cucumber.core.runtime.CucumberExecutionContext.lambda$runTestCase$5(CucumberExecutionContext.java:136)
	at io.cucumber.core.runtime.RethrowingThrowableCollector.executeAndThrow(RethrowingThrowableCollector.java:23)
	at io.cucumber.core.runtime.CucumberExecutionContext.runTestCase(CucumberExecutionContext.java:136)
	at io.cucumber.junit.platform.engine.CucumberEngineExecutionContext.runTestCase(CucumberEngineExecutionContext.java:109)
	at io.cucumber.junit.platform.engine.NodeDescriptor$PickleDescriptor.execute(NodeDescriptor.java:168)
	at io.cucumber.junit.platform.engine.NodeDescriptor$PickleDescriptor.execute(NodeDescriptor.java:90)
	at java.base/java.util.ArrayList.forEach(ArrayList.java:1596)
	at java.base/java.util.ArrayList.forEach(ArrayList.java:1596)

用户认证.篡改 refresh token 刷新失败 -- Time elapsed: 0.001 s <<< ERROR!
io.cucumber.core.backend.CucumberBackendException: 
Please annotate a glue class with some context configuration.

For example:

   @CucumberContextConfiguration
   @SpringBootTest(classes = TestConfig.class)
   public class CucumberSpringConfiguration { }
Or: 

   @CucumberContextConfiguration
   @ContextConfiguration( ... )
   public class CucumberSpringConfiguration { }
	at io.cucumber.spring.SpringFactory.start(SpringFactory.java:102)
	at io.cucumber.core.runner.Runner.buildBackendWorlds(Runner.java:134)
	at io.cucumber.core.runner.Runner.runPickle(Runner.java:70)
	at io.cucumber.junit.platform.engine.CucumberEngineExecutionContext.lambda$runTestCase$4(CucumberEngineExecutionContext.java:112)
	at io.cucumber.core.runtime.CucumberExecutionContext.lambda$runTestCase$5(CucumberExecutionContext.java:136)
	at io.cucumber.core.runtime.RethrowingThrowableCollector.executeAndThrow(RethrowingThrowableCollector.java:23)
	at io.cucumber.core.runtime.CucumberExecutionContext.runTestCase(CucumberExecutionContext.java:136)
	at io.cucumber.junit.platform.engine.CucumberEngineExecutionContext.runTestCase(CucumberEngineExecutionContext.java:109)
	at io.cucumber.junit.platform.engine.NodeDescriptor$PickleDescriptor.execute(NodeDescriptor.java:168)
	at io.cucumber.junit.platform.engine.NodeDescriptor$PickleDescriptor.execute(NodeDescriptor.java:90)
	at java.base/java.util.ArrayList.forEach(ArrayList.java:1596)
	at java.base/java.util.ArrayList.forEach(ArrayList.java:1596)

