<?xml version="1.0" encoding="UTF-8"?>
<testsuite xmlns:xsi="http://www.w3.org/2001/XMLSchema-instance" xsi:noNamespaceSchemaLocation="https://maven.apache.org/surefire/maven-surefire-plugin/xsd/surefire-test-report-3.0.xsd" version="3.0" name="com.kb.auth.AuthIntegrationTest" time="7.51" tests="3" errors="0" skipped="0" failures="0">
  <properties>
[...]
</properties>
  <testcase name="loginWrongPassword" classname="com.kb.auth.AuthIntegrationTest" time="1.968">
    <system-out><![CDATA[2026-06-29 06:49:23.138 [main] [] INFO  kb-auth - o.s.t.c.s.AnnotationConfigContextLoaderUtils - Could not detect default configuration classes for test class [com.kb.auth.AuthIntegrationTest]: AuthIntegrationTest does not declare any static, non-private, non-final, nested classes annotated with @Configuration.
2026-06-29 06:49:23.144 [main] [] INFO  kb-auth - o.s.b.t.c.SpringBootTestContextBootstrapper - Found @SpringBootConfiguration com.kb.auth.KbAuthApplication for test class com.kb.auth.AuthIntegrationTest

  .   ____          _            __ _ _
 /\\ / ___'_ __ _ _(_)_ __  __ _ \ \ \ \
( ( )\___ | '_ | '_| | '_ \/ _` | \ \ \ \
 \\/  ___)| |_)| | | | | || (_| |  ) ) ) )
  '  |____| .__|_| |_|_| |_\__, | / / / /
 =========|_|==============|___/=/_/_/_/
 :: Spring Boot ::                (v3.2.5)

2026-06-29 06:49:23.332 [main] [] INFO  kb-auth - com.kb.auth.AuthIntegrationTest - Starting AuthIntegrationTest using Java 21.0.11 with PID 610156 (started by root in /root/devtools/mykng/kb-auth)
2026-06-29 06:49:23.332 [main] [] DEBUG kb-auth - com.kb.auth.AuthIntegrationTest - Running with Spring Boot v3.2.5, Spring v6.1.6
2026-06-29 06:49:23.332 [main] [] INFO  kb-auth - com.kb.auth.AuthIntegrationTest - The following 1 profile is active: "test"
2026-06-29 06:49:25.383 [main] [] INFO  kb-auth - o.s.b.w.e.tomcat.TomcatWebServer - Tomcat initialized with port 0 (http)
2026-06-29 06:49:25.421 [main] [] INFO  kb-auth - o.a.coyote.http11.Http11NioProtocol - Initializing ProtocolHandler ["http-nio-auto-1"]
2026-06-29 06:49:25.426 [main] [] INFO  kb-auth - o.a.catalina.core.StandardService - Starting service [Tomcat]
2026-06-29 06:49:25.427 [main] [] INFO  kb-auth - o.a.catalina.core.StandardEngine - Starting Servlet engine: [Apache Tomcat/10.1.20]
2026-06-29 06:49:25.682 [main] [] INFO  kb-auth - o.a.c.c.C.[Tomcat].[localhost].[/] - Initializing Spring embedded WebApplicationContext
2026-06-29 06:49:25.683 [main] [] INFO  kb-auth - o.s.b.w.s.c.ServletWebServerApplicationContext - Root WebApplicationContext: initialization completed in 2334 ms
Logging initialized using 'class org.apache.ibatis.logging.stdout.StdOutImpl' adapter.
 _ _   |_  _ _|_. ___ _ |    _ 
| | |\/|_)(_| | |_\  |_)||_|_\ 
     /               |         
                        3.5.6 
2026-06-29 06:49:25.930 [main] [] INFO  kb-auth - com.zaxxer.hikari.HikariDataSource - HikariPool-2 - Starting...
2026-06-29 06:49:25.940 [main] [] INFO  kb-auth - com.zaxxer.hikari.pool.HikariPool - HikariPool-2 - Added connection conn10: url=jdbc:h2:mem:testdb user=SA
2026-06-29 06:49:25.941 [main] [] INFO  kb-auth - com.zaxxer.hikari.HikariDataSource - HikariPool-2 - Start completed.
2026-06-29 06:49:26.499 [main] [] DEBUG kb-auth - c.k.a.s.JwtAuthenticationFilter - Filter 'jwtAuthenticationFilter' configured for use
2026-06-29 06:49:27.306 [main] [] INFO  kb-auth - o.s.b.a.e.web.EndpointLinksResolver - Exposing 2 endpoint(s) beneath base path '/actuator'
2026-06-29 06:49:27.480 [main] [] INFO  kb-auth - o.s.s.web.DefaultSecurityFilterChain - Will secure any request with [org.springframework.security.web.session.DisableEncodeUrlFilter@71dbf2b3, org.springframework.security.web.context.request.async.WebAsyncManagerIntegrationFilter@60bffecb, org.springframework.security.web.context.SecurityContextHolderFilter@6ea5464c, org.springframework.security.web.header.HeaderWriterFilter@3a579d04, org.springframework.web.filter.CorsFilter@5c9eb43f, org.springframework.security.web.authentication.logout.LogoutFilter@77ccd734, com.kb.auth.security.JwtAuthenticationFilter@54e324d1, org.springframework.security.web.savedrequest.RequestCacheAwareFilter@23690154, org.springframework.security.web.servletapi.SecurityContextHolderAwareRequestFilter@25d01780, org.springframework.security.web.authentication.AnonymousAuthenticationFilter@ed870c0, org.springframework.security.web.session.SessionManagementFilter@50c8d23d, org.springframework.security.web.access.ExceptionTranslationFilter@269d7387, org.springframework.security.web.access.intercept.AuthorizationFilter@390d7327]
2026-06-29 06:49:28.124 [main] [] INFO  kb-auth - o.a.coyote.http11.Http11NioProtocol - Starting ProtocolHandler ["http-nio-auto-1"]
2026-06-29 06:49:28.196 [main] [] INFO  kb-auth - o.s.b.w.e.tomcat.TomcatWebServer - Tomcat started on port 33267 (http) with context path ''
2026-06-29 06:49:28.206 [main] [] INFO  kb-auth - com.kb.auth.AuthIntegrationTest - Started AuthIntegrationTest in 5.044 seconds (process running for 36.138)
2026-06-29 06:49:28.808 [http-nio-auto-1-exec-1] [] INFO  kb-auth - o.a.c.c.C.[Tomcat].[localhost].[/] - Initializing Spring DispatcherServlet 'dispatcherServlet'
2026-06-29 06:49:28.808 [http-nio-auto-1-exec-1] [] INFO  kb-auth - o.s.web.servlet.DispatcherServlet - Initializing Servlet 'dispatcherServlet'
2026-06-29 06:49:28.812 [http-nio-auto-1-exec-1] [] INFO  kb-auth - o.s.web.servlet.DispatcherServlet - Completed initialization in 3 ms
Creating a new SqlSession
Registering transaction synchronization for SqlSession [org.apache.ibatis.session.defaults.DefaultSqlSession@12ac416c]
JDBC Connection [HikariProxyConnection@634762406 wrapping conn10: url=jdbc:h2:mem:testdb user=SA] will be managed by Spring
==>  Preparing: SELECT id,username,password,email,phone,wechat_openid,avatar,nickname,status,deleted,created_at,updated_at FROM user WHERE deleted=0 AND (username = ?)
==> Parameters: admin(String)
<==    Columns: ID, USERNAME, PASSWORD, EMAIL, PHONE, WECHAT_OPENID, AVATAR, NICKNAME, STATUS, DELETED, CREATED_AT, UPDATED_AT
<==        Row: 1, admin, $2a$10$YfuxV6cAdrN0l1JENSprI.ykW1KD7Ggnul8Ex0V6EbriF92wc/mRK, null, null, null, null, 管理员, 1, 0, 2026-06-29 06:49:16.272851, 2026-06-29 06:49:16.272851
<==      Total: 1
Releasing transactional SqlSession [org.apache.ibatis.session.defaults.DefaultSqlSession@12ac416c]
Transaction synchronization deregistering SqlSession [org.apache.ibatis.session.defaults.DefaultSqlSession@12ac416c]
Transaction synchronization closing SqlSession [org.apache.ibatis.session.defaults.DefaultSqlSession@12ac416c]
2026-06-29 06:49:30.076 [http-nio-auto-1-exec-1] [] WARN  kb-auth - c.k.c.e.GlobalExceptionHandler - 业务异常 [/auth/login]: 用户名或密码错误
]]></system-out>
  </testcase>
  <testcase name="loginNonExistentUser" classname="com.kb.auth.AuthIntegrationTest" time="0.05">
    <system-out><![CDATA[Creating a new SqlSession
Registering transaction synchronization for SqlSession [org.apache.ibatis.session.defaults.DefaultSqlSession@627c01c]
JDBC Connection [HikariProxyConnection@1475685716 wrapping conn10: url=jdbc:h2:mem:testdb user=SA] will be managed by Spring
==>  Preparing: SELECT id,username,password,email,phone,wechat_openid,avatar,nickname,status,deleted,created_at,updated_at FROM user WHERE deleted=0 AND (username = ?)
==> Parameters: noexist(String)
<==      Total: 0
Releasing transactional SqlSession [org.apache.ibatis.session.defaults.DefaultSqlSession@627c01c]
Transaction synchronization deregistering SqlSession [org.apache.ibatis.session.defaults.DefaultSqlSession@627c01c]
Transaction synchronization closing SqlSession [org.apache.ibatis.session.defaults.DefaultSqlSession@627c01c]
2026-06-29 06:49:30.219 [http-nio-auto-1-exec-3] [] WARN  kb-auth - c.k.c.e.GlobalExceptionHandler - 业务异常 [/auth/login]: 用户名或密码错误
]]></system-out>
  </testcase>
  <testcase name="loginSuccess" classname="com.kb.auth.AuthIntegrationTest" time="0.394">
    <system-out><![CDATA[Creating a new SqlSession
Registering transaction synchronization for SqlSession [org.apache.ibatis.session.defaults.DefaultSqlSession@21f6dc75]
JDBC Connection [HikariProxyConnection@1887694994 wrapping conn10: url=jdbc:h2:mem:testdb user=SA] will be managed by Spring
==>  Preparing: SELECT id,username,password,email,phone,wechat_openid,avatar,nickname,status,deleted,created_at,updated_at FROM user WHERE deleted=0 AND (username = ?)
==> Parameters: admin(String)
<==    Columns: ID, USERNAME, PASSWORD, EMAIL, PHONE, WECHAT_OPENID, AVATAR, NICKNAME, STATUS, DELETED, CREATED_AT, UPDATED_AT
<==        Row: 1, admin, $2a$10$YfuxV6cAdrN0l1JENSprI.ykW1KD7Ggnul8Ex0V6EbriF92wc/mRK, null, null, null, null, 管理员, 1, 0, 2026-06-29 06:49:16.272851, 2026-06-29 06:49:16.272851
<==      Total: 1
Releasing transactional SqlSession [org.apache.ibatis.session.defaults.DefaultSqlSession@21f6dc75]
Fetched SqlSession [org.apache.ibatis.session.defaults.DefaultSqlSession@21f6dc75] from current transaction
==>  Preparing: INSERT INTO refresh_token ( user_id, token, expire_at, created_at ) VALUES ( ?, ?, ?, ? )
==> Parameters: 1(Long), eyJhbGciOiJIUzM4NCJ9.eyJzdWIiOiIxIiwidHlwZSI6InJlZnJlc2giLCJpYXQiOjE3ODI2ODY5NzAsImV4cCI6MTc4MzI5MTc3MH0.WXR0j6txi6Vm2hCEUwJhkL7PU-5Vcba3oowyxzJqphWsSX9jUDNJUX1BUdOz_WMo(String), 2026-07-06T06:49:30.584123532(LocalDateTime), 2026-06-29T06:49:30.589674566(LocalDateTime)
<==    Updates: 1
Releasing transactional SqlSession [org.apache.ibatis.session.defaults.DefaultSqlSession@21f6dc75]
2026-06-29 06:49:30.608 [http-nio-auto-1-exec-2] [] WARN  kb-auth - c.k.a.service.impl.AuthServiceImpl - 发布事件失败 event=user.login, userId=1: Java 8 date/time type `java.time.Instant` not supported by default: add Module "com.fasterxml.jackson.datatype:jackson-datatype-jsr310" to enable handling (through reference chain: com.kb.common.event.KbEvent["timestamp"])
2026-06-29 06:49:30.609 [http-nio-auto-1-exec-2] [] INFO  kb-auth - c.k.a.service.impl.AuthServiceImpl - 用户登录成功 userId=1, username=admin
Transaction synchronization committing SqlSession [org.apache.ibatis.session.defaults.DefaultSqlSession@21f6dc75]
Transaction synchronization deregistering SqlSession [org.apache.ibatis.session.defaults.DefaultSqlSession@21f6dc75]
Transaction synchronization closing SqlSession [org.apache.ibatis.session.defaults.DefaultSqlSession@21f6dc75]
]]></system-out>
  </testcase>
</testsuite>