<?xml version="1.0" encoding="UTF-8"?>
<testsuite xmlns:xsi="http://www.w3.org/2001/XMLSchema-instance" xsi:noNamespaceSchemaLocation="https://maven.apache.org/surefire/maven-surefire-plugin/xsd/surefire-test-report-3.0.xsd" version="3.0" name="com.kb.knowledge.KnowledgeIntegrationTest" time="8.26" tests="2" errors="0" skipped="0" failures="0">
  <properties>
[...]
</properties>
  <testcase name="contextLoads" classname="com.kb.knowledge.KnowledgeIntegrationTest" time="0.057">
    <system-out><![CDATA[2026-06-29 04:36:00.359 [main] [] INFO  kb-knowledge - o.s.t.c.s.AnnotationConfigContextLoaderUtils - Could not detect default configuration classes for test class [com.kb.knowledge.KnowledgeIntegrationTest]: KnowledgeIntegrationTest does not declare any static, non-private, non-final, nested classes annotated with @Configuration.
2026-06-29 04:36:00.371 [main] [] INFO  kb-knowledge - o.s.b.t.c.SpringBootTestContextBootstrapper - Found @SpringBootConfiguration com.kb.knowledge.KbKnowledgeApplication for test class com.kb.knowledge.KnowledgeIntegrationTest

  .   ____          _            __ _ _
 /\\ / ___'_ __ _ _(_)_ __  __ _ \ \ \ \
( ( )\___ | '_ | '_| | '_ \/ _` | \ \ \ \
 \\/  ___)| |_)| | | | | || (_| |  ) ) ) )
  '  |____| .__|_| |_|_| |_\__, | / / / /
 =========|_|==============|___/=/_/_/_/
 :: Spring Boot ::                (v3.2.5)

2026-06-29 04:36:00.614 [main] [] WARN  kb-knowledge - o.s.b.t.j.DuplicateJsonObjectContextCustomizerFactory$DuplicateJsonObjectContextCustomizer - 

Found multiple occurrences of org.json.JSONObject on the class path:

	jar:file:/root/.m2/repository/org/json/json/20240303/json-20240303.jar!/org/json/JSONObject.class
	jar:file:/root/.m2/repository/com/vaadin/external/google/android-json/0.0.20131108.vaadin1/android-json-0.0.20131108.vaadin1.jar!/org/json/JSONObject.class

You may wish to exclude one of them to ensure predictable runtime behavior

2026-06-29 04:36:00.619 [main] [] INFO  kb-knowledge - c.k.k.KnowledgeIntegrationTest - Starting KnowledgeIntegrationTest using Java 21.0.11 with PID 453824 (started by root in /root/devtools/mykng/kb-knowledge)
2026-06-29 04:36:00.620 [main] [] DEBUG kb-knowledge - c.k.k.KnowledgeIntegrationTest - Running with Spring Boot v3.2.5, Spring v6.1.6
2026-06-29 04:36:00.620 [main] [] INFO  kb-knowledge - c.k.k.KnowledgeIntegrationTest - The following 1 profile is active: "test"
2026-06-29 04:36:01.612 [main] [] INFO  kb-knowledge - o.s.cloud.context.scope.GenericScope - BeanFactory id=11ba3038-6a36-3c2c-bb81-a1b1f1ef94e8
2026-06-29 04:36:02.461 [main] [] INFO  kb-knowledge - o.s.b.w.e.tomcat.TomcatWebServer - Tomcat initialized with port 0 (http)
2026-06-29 04:36:02.502 [main] [] INFO  kb-knowledge - o.a.coyote.http11.Http11NioProtocol - Initializing ProtocolHandler ["http-nio-auto-1"]
2026-06-29 04:36:02.511 [main] [] INFO  kb-knowledge - o.a.catalina.core.StandardService - Starting service [Tomcat]
2026-06-29 04:36:02.513 [main] [] INFO  kb-knowledge - o.a.catalina.core.StandardEngine - Starting Servlet engine: [Apache Tomcat/10.1.20]
2026-06-29 04:36:02.686 [main] [] INFO  kb-knowledge - o.a.c.c.C.[Tomcat].[localhost].[/] - Initializing Spring embedded WebApplicationContext
2026-06-29 04:36:02.689 [main] [] INFO  kb-knowledge - o.s.b.w.s.c.ServletWebServerApplicationContext - Root WebApplicationContext: initialization completed in 2064 ms
2026-06-29 04:36:02.960 [main] [] DEBUG kb-knowledge - c.k.k.security.GatewayAuthFilter - Filter 'gatewayAuthFilter' configured for use
Logging initialized using 'class org.apache.ibatis.logging.stdout.StdOutImpl' adapter.
 _ _   |_  _ _|_. ___ _ |    _ 
| | |\/|_)(_| | |_\  |_)||_|_\ 
     /               |         
                        3.5.6 
2026-06-29 04:36:03.091 [main] [] INFO  kb-knowledge - com.zaxxer.hikari.HikariDataSource - HikariPool-2 - Starting...
2026-06-29 04:36:03.106 [main] [] INFO  kb-knowledge - com.zaxxer.hikari.pool.HikariPool - HikariPool-2 - Added connection conn10: url=jdbc:h2:mem:testdb user=SA
2026-06-29 04:36:03.107 [main] [] INFO  kb-knowledge - com.zaxxer.hikari.HikariDataSource - HikariPool-2 - Start completed.
2026-06-29 04:36:04.482 [main] [] INFO  kb-knowledge - c.k.k.event.IndexEventListener - IndexEventListener 已订阅 kb:events 通道
2026-06-29 04:36:04.568 [main] [] WARN  kb-knowledge - o.s.b.a.s.s.UserDetailsServiceAutoConfiguration - 

Using generated security password: 9206647e-effb-45a2-8ba9-df6d85bc44e7

This generated password is for development use only. Your security configuration must be updated before running your application in production.

2026-06-29 04:36:05.017 [main] [] INFO  kb-knowledge - o.s.b.a.e.web.EndpointLinksResolver - Exposing 2 endpoint(s) beneath base path '/actuator'
2026-06-29 04:36:05.103 [main] [] INFO  kb-knowledge - o.s.s.web.DefaultSecurityFilterChain - Will secure any request with [org.springframework.security.web.session.DisableEncodeUrlFilter@176a77c, org.springframework.security.web.context.request.async.WebAsyncManagerIntegrationFilter@47035f8a, org.springframework.security.web.context.SecurityContextHolderFilter@522b680d, org.springframework.security.web.header.HeaderWriterFilter@5595db29, org.springframework.web.filter.CorsFilter@589e244f, org.springframework.security.web.authentication.logout.LogoutFilter@182bc303, com.kb.knowledge.security.GatewayAuthFilter@4b70a3f5, org.springframework.security.web.savedrequest.RequestCacheAwareFilter@16beef05, org.springframework.security.web.servletapi.SecurityContextHolderAwareRequestFilter@6d092268, org.springframework.security.web.authentication.AnonymousAuthenticationFilter@105374ed, org.springframework.security.web.session.SessionManagementFilter@4cb61157, org.springframework.security.web.access.ExceptionTranslationFilter@4ef14401, org.springframework.security.web.access.intercept.AuthorizationFilter@5db2b6ff]
2026-06-29 04:36:05.341 [cluster-ClusterId{value='6a4185b5598e584a1c3afef9', description='null'}-localhost:27017] [] INFO  kb-knowledge - org.mongodb.driver.cluster - Monitor thread successfully connected to server with description ServerDescription{address=localhost:27017, type=STANDALONE, state=CONNECTED, ok=true, minWireVersion=0, maxWireVersion=21, maxDocumentSize=16777216, logicalSessionTimeoutMinutes=30, roundTripTimeNanos=16424607}
2026-06-29 04:36:05.343 [main] [] INFO  kb-knowledge - org.mongodb.driver.client - MongoClient with metadata {"driver": {"name": "mongo-java-driver|sync|spring-boot", "version": "4.11.2"}, "os": {"type": "Linux", "name": "Linux", "architecture": "amd64", "version": "6.12.90+deb13.1-amd64"}, "platform": "Java/Debian/21.0.11+10-1-deb13u2-Debian"} created with settings MongoClientSettings{readPreference=primary, writeConcern=WriteConcern{w=null, wTimeout=null ms, journal=null}, retryWrites=true, retryReads=true, readConcern=ReadConcern{level=null}, credential=null, transportSettings=null, streamFactoryFactory=null, commandListeners=[io.micrometer.core.instrument.binder.mongodb.MongoMetricsCommandListener@1b4998c0], codecRegistry=ProvidersCodecRegistry{codecProviders=[ValueCodecProvider{}, BsonValueCodecProvider{}, DBRefCodecProvider{}, DBObjectCodecProvider{}, DocumentCodecProvider{}, CollectionCodecProvider{}, IterableCodecProvider{}, MapCodecProvider{}, GeoJsonCodecProvider{}, GridFSFileCodecProvider{}, Jsr310CodecProvider{}, JsonObjectCodecProvider{}, BsonCodecProvider{}, EnumCodecProvider{}, com.mongodb.client.model.mql.ExpressionCodecProvider@1007d7b1, com.mongodb.Jep395RecordCodecProvider@43d56d83, com.mongodb.KotlinCodecProvider@44473eed]}, loggerSettings=LoggerSettings{maxDocumentLength=1000}, clusterSettings={hosts=[localhost:27017], srvServiceName=mongodb, mode=SINGLE, requiredClusterType=UNKNOWN, requiredReplicaSetName='null', serverSelector='null', clusterListeners='[]', serverSelectionTimeout='30000 ms', localThreshold='15 ms'}, socketSettings=SocketSettings{connectTimeoutMS=10000, readTimeoutMS=0, receiveBufferSize=0, proxySettings=ProxySettings{host=null, port=null, username=null, password=null}}, heartbeatSocketSettings=SocketSettings{connectTimeoutMS=10000, readTimeoutMS=10000, receiveBufferSize=0, proxySettings=ProxySettings{host=null, port=null, username=null, password=null}}, connectionPoolSettings=ConnectionPoolSettings{maxSize=100, minSize=0, maxWaitTimeMS=120000, maxConnectionLifeTimeMS=0, maxConnectionIdleTimeMS=0, maintenanceInitialDelayMS=0, maintenanceFrequencyMS=60000, connectionPoolListeners=[io.micrometer.core.instrument.binder.mongodb.MongoMetricsConnectionPoolListener@45fcc229], maxConnecting=2}, serverSettings=ServerSettings{heartbeatFrequencyMS=10000, minHeartbeatFrequencyMS=500, serverListeners='[]', serverMonitorListeners='[]'}, sslSettings=SslSettings{enabled=false, invalidHostNameAllowed=false, context=null}, applicationName='null', compressorList=[], uuidRepresentation=JAVA_LEGACY, serverApi=null, autoEncryptionSettings=null, dnsClient=null, inetAddressResolver=null, contextProvider=null}
2026-06-29 04:36:05.803 [main] [] INFO  kb-knowledge - o.a.coyote.http11.Http11NioProtocol - Starting ProtocolHandler ["http-nio-auto-1"]
2026-06-29 04:36:05.831 [main] [] INFO  kb-knowledge - o.s.b.w.e.tomcat.TomcatWebServer - Tomcat started on port 38117 (http) with context path ''
2026-06-29 04:36:05.868 [main] [] INFO  kb-knowledge - c.k.k.KnowledgeIntegrationTest - Started KnowledgeIntegrationTest in 5.474 seconds (process running for 93.083)
]]></system-out>
  </testcase>
  <testcase name="createDocument" classname="com.kb.knowledge.KnowledgeIntegrationTest" time="2.634">
    <system-out><![CDATA[2026-06-29 04:36:06.570 [http-nio-auto-1-exec-1] [] INFO  kb-knowledge - o.a.c.c.C.[Tomcat].[localhost].[/] - Initializing Spring DispatcherServlet 'dispatcherServlet'
2026-06-29 04:36:06.572 [http-nio-auto-1-exec-1] [] INFO  kb-knowledge - o.s.web.servlet.DispatcherServlet - Initializing Servlet 'dispatcherServlet'
2026-06-29 04:36:06.578 [http-nio-auto-1-exec-1] [] INFO  kb-knowledge - o.s.web.servlet.DispatcherServlet - Completed initialization in 5 ms
Creating a new SqlSession
Registering transaction synchronization for SqlSession [org.apache.ibatis.session.defaults.DefaultSqlSession@9971674]
JDBC Connection [HikariProxyConnection@805223735 wrapping conn10: url=jdbc:h2:mem:testdb user=SA] will be managed by Spring
==>  Preparing: INSERT INTO doc ( folder_id, user_id, title, starred, created_at, updated_at ) VALUES ( ?, ?, ?, ?, ?, ? )
==> Parameters: 0(Long), 1(Long), 集成测试文档(String), 0(Integer), 2026-06-29T04:36:07.925132492(LocalDateTime), 2026-06-29T04:36:07.935802295(LocalDateTime)
<==    Updates: 1
Releasing transactional SqlSession [org.apache.ibatis.session.defaults.DefaultSqlSession@9971674]
Fetched SqlSession [org.apache.ibatis.session.defaults.DefaultSqlSession@9971674] from current transaction
==>  Preparing: INSERT INTO version ( resource_type, resource_id, version_num, created_at ) VALUES ( ?, ?, ?, ? )
==> Parameters: doc(String), 1(Long), 1(Integer), 2026-06-29T04:36:08.238005310(LocalDateTime)
<==    Updates: 1
Releasing transactional SqlSession [org.apache.ibatis.session.defaults.DefaultSqlSession@9971674]
Transaction synchronization committing SqlSession [org.apache.ibatis.session.defaults.DefaultSqlSession@9971674]
Transaction synchronization deregistering SqlSession [org.apache.ibatis.session.defaults.DefaultSqlSession@9971674]
Transaction synchronization closing SqlSession [org.apache.ibatis.session.defaults.DefaultSqlSession@9971674]
]]></system-out>
  </testcase>
</testsuite>